# JMH version: 1.27
# VM version: JDK 1.8.0_275, OpenJDK 64-Bit Server VM, 25.275-b01
# VM invoker: /Users/diduo/Library/Java/JavaVirtualMachines/corretto-1.8.0_275/Contents/Home/jre/bin/java
# VM options: -javaagent:/Applications/IntelliJ IDEA.app/Contents/lib/idea_rt.jar=65357:/Applications/IntelliJ IDEA.app/Contents/bin -Dfile.encoding=UTF-8
# JMH blackhole mode: full blackhole + dont-inline hint
# Warmup: 3 iterations, 10 s each
# Measurement: 10 iterations, 5 s each
# Timeout: 10 min per iteration
# Threads: 8 threads, will synchronize iterations
# Benchmark mode: Average time, time/op
# Benchmark: org.sls.TimeTest.testStringAdd

# Run progress: 0.00% complete, ETA 00:05:20
# Fork: 1 of 2
# Warmup Iteration   1: 0.697 ±(99.9%) 0.013 us/op
# Warmup Iteration   2: 0.461 ±(99.9%) 0.003 us/op
# Warmup Iteration   3: 0.460 ±(99.9%) 0.005 us/op
Iteration   1: 0.454 ±(99.9%) 0.008 us/op
Iteration   2: 0.464 ±(99.9%) 0.008 us/op
Iteration   3: 0.452 ±(99.9%) 0.004 us/op
Iteration   4: 0.474 ±(99.9%) 0.007 us/op
Iteration   5: 0.461 ±(99.9%) 0.005 us/op
Iteration   6: 0.780 ±(99.9%) 0.027 us/op
Iteration   7: 0.561 ±(99.9%) 0.009 us/op
Iteration   8: 0.793 ±(99.9%) 0.016 us/op
Iteration   9: 0.624 ±(99.9%) 0.011 us/op
Iteration  10: 0.493 ±(99.9%) 0.009 us/op

# Run progress: 25.00% complete, ETA 00:04:05
# Fork: 2 of 2
# Warmup Iteration   1: 0.504 ±(99.9%) 0.008 us/op
# Warmup Iteration   2: 0.573 ±(99.9%) 0.005 us/op
# Warmup Iteration   3: 0.630 ±(99.9%) 0.006 us/op
Iteration   1: 0.661 ±(99.9%) 0.008 us/op
Iteration   2: 0.684 ±(99.9%) 0.014 us/op
Iteration   3: 0.641 ±(99.9%) 0.021 us/op
Iteration   4: 0.635 ±(99.9%) 0.009 us/op
Iteration   5: 0.517 ±(99.9%) 0.005 us/op
Iteration   6: 0.476 ±(99.9%) 0.011 us/op
Iteration   7: 0.481 ±(99.9%) 0.021 us/op
Iteration   8: 0.550 ±(99.9%) 0.010 us/op
Iteration   9: 0.485 ±(99.9%) 0.005 us/op
Iteration  10: 0.506 ±(99.9%) 0.012 us/op


Result "org.sls.TimeTest.testStringAdd":
  0.560 ±(99.9%) 0.094 us/op [Average]
  (min, avg, max) = (0.452, 0.560, 0.793), stdev = 0.108
  CI (99.9%): [0.466, 0.654] (assumes normal distribution)


# JMH version: 1.27
# VM version: JDK 1.8.0_275, OpenJDK 64-Bit Server VM, 25.275-b01
# VM invoker: /Users/diduo/Library/Java/JavaVirtualMachines/corretto-1.8.0_275/Contents/Home/jre/bin/java
# VM options: -javaagent:/Applications/IntelliJ IDEA.app/Contents/lib/idea_rt.jar=65357:/Applications/IntelliJ IDEA.app/Contents/bin -Dfile.encoding=UTF-8
# JMH blackhole mode: full blackhole + dont-inline hint
# Warmup: 3 iterations, 10 s each
# Measurement: 10 iterations, 5 s each
# Timeout: 10 min per iteration
# Threads: 8 threads, will synchronize iterations
# Benchmark mode: Average time, time/op
# Benchmark: org.sls.TimeTest.testStringBuilderAdd

# Run progress: 50.00% complete, ETA 00:02:43
# Fork: 1 of 2
# Warmup Iteration   1: 0.132 ±(99.9%) 0.002 us/op
# Warmup Iteration   2: 0.248 ±(99.9%) 0.001 us/op
# Warmup Iteration   3: 0.478 ±(99.9%) 0.005 us/op
Iteration   1: 0.456 ±(99.9%) 0.006 us/op
Iteration   2: 0.336 ±(99.9%) 0.006 us/op
Iteration   3: 0.456 ±(99.9%) 0.003 us/op
Iteration   4: 0.362 ±(99.9%) 0.007 us/op
Iteration   5: 0.369 ±(99.9%) 0.006 us/op
Iteration   6: 0.330 ±(99.9%) 0.005 us/op
Iteration   7: 0.308 ±(99.9%) 0.005 us/op
Iteration   8: 0.292 ±(99.9%) 0.007 us/op
Iteration   9: 0.296 ±(99.9%) 0.007 us/op
Iteration  10: 0.289 ±(99.9%) 0.004 us/op

# Run progress: 75.00% complete, ETA 00:01:21
# Fork: 2 of 2
# Warmup Iteration   1: 0.115 ±(99.9%) 0.001 us/op
# Warmup Iteration   2: 0.251 ±(99.9%) 0.004 us/op
# Warmup Iteration   3: 0.360 ±(99.9%) 0.002 us/op
Iteration   1: 0.317 ±(99.9%) 0.003 us/op
Iteration   2: 0.333 ±(99.9%) 0.004 us/op
Iteration   3: 0.388 ±(99.9%) 0.007 us/op
Iteration   4: 0.327 ±(99.9%) 0.007 us/op
Iteration   5: 0.329 ±(99.9%) 0.003 us/op
Iteration   6: 0.450 ±(99.9%) 0.010 us/op
Iteration   7: 0.362 ±(99.9%) 0.006 us/op
Iteration   8: 0.323 ±(99.9%) 0.006 us/op
Iteration   9: 0.320 ±(99.9%) 0.006 us/op
Iteration  10: 0.394 ±(99.9%) 0.004 us/op


Result "org.sls.TimeTest.testStringBuilderAdd":
  0.352 ±(99.9%) 0.046 us/op [Average]
  (min, avg, max) = (0.289, 0.352, 0.456), stdev = 0.053
  CI (99.9%): [0.306, 0.397] (assumes normal distribution)


# Run complete. Total time: 00:05:25

REMEMBER: The numbers below are just data. To gain reusable insights, you need to follow up on
why the numbers are the way they are. Use profilers (see -prof, -lprof), design factorial
experiments, perform baseline and negative tests that provide experimental control, make sure
the benchmarking environment is safe on JVM/OS/HW level, ask for reviews from the domain experts.
Do not assume the numbers tell you what you want them to tell.

Benchmark                      Mode  Cnt  Score   Error  Units
TimeTest.testStringAdd         avgt   20  0.560 ± 0.094  us/op
TimeTest.testStringBuilderAdd  avgt   20  0.352 ± 0.046  us/op
